<?xml version="1.0" encoding="UTF-8"?>
<testsuite xmlns:xsi="http://www.w3.org/2001/XMLSchema-instance" xsi:noNamespaceSchemaLocation="https://maven.apache.org/surefire/maven-surefire-plugin/xsd/surefire-test-report-3.0.xsd" version="3.0" name="com.safefleet.RealMySqlApiIntegrationTest" time="54.452" tests="9" errors="0" skipped="0" failures="0">
  <properties>
[...]
</properties>
  <testcase name="realMysqlBootstrapsFlywaySeedAndJwtAuth" classname="com.safefleet.RealMySqlApiIntegrationTest" time="0.909">
    <system-out><![CDATA[00:43:43.631 [main] INFO org.springframework.test.context.support.AnnotationConfigContextLoaderUtils -- Could not detect default configuration classes for test class [com.safefleet.RealMySqlApiIntegrationTest]: RealMySqlApiIntegrationTest does not declare any static, non-private, non-final, nested classes annotated with @Configuration.
00:43:43.858 [main] INFO org.springframework.boot.test.context.SpringBootTestContextBootstrapper -- Found @SpringBootConfiguration com.safefleet.SafeFleetApplication for test class com.safefleet.RealMySqlApiIntegrationTest
00:43:44.023 [main] INFO org.testcontainers.images.PullPolicy -- Image pull policy will be performed by: DefaultPullPolicy()
00:43:44.029 [main] INFO org.testcontainers.utility.ImageNameSubstitutor -- Image name substitution will be performed by: DefaultImageNameSubstitutor (composite of 'ConfigurationFileImageNameSubstitutor' and 'PrefixingImageNameSubstitutor')
00:43:44.047 [main] INFO org.testcontainers.DockerClientFactory -- Testcontainers version: 2.0.5
00:43:44.391 [main] INFO org.testcontainers.dockerclient.DockerClientProviderStrategy -- Loaded org.testcontainers.dockerclient.NpipeSocketClientProviderStrategy from ~/.testcontainers.properties, will try it first
00:43:45.432 [main] INFO org.testcontainers.dockerclient.DockerClientProviderStrategy -- Found Docker environment with local Npipe socket (npipe:////./pipe/docker_engine)
00:43:45.434 [main] INFO org.testcontainers.DockerClientFactory -- Docker host IP address is localhost
00:43:45.475 [main] INFO org.testcontainers.DockerClientFactory -- Connected to docker: 
  Server Version: 29.1.2
  API Version: 1.52
  Operating System: Docker Desktop
  Total Memory: 7793 MB
  Labels: 
    com.docker.desktop.address=npipe://\\.\pipe\docker_cli
00:43:45.779 [main] INFO tc.testcontainers/ryuk:0.14.0 -- Creating container for image: testcontainers/ryuk:0.14.0
00:43:45.962 [main] INFO org.testcontainers.utility.RegistryAuthLocator -- Credential helper/store (docker-credential-desktop) does not have credentials for https://index.docker.io/v1/
00:43:46.462 [main] INFO tc.testcontainers/ryuk:0.14.0 -- Container testcontainers/ryuk:0.14.0 is starting: 246e96ad62f28489dab0cbfe3ca79a8b1951d9a4640c09d7d5f6a2c65c951460
00:43:47.682 [main] INFO tc.testcontainers/ryuk:0.14.0 -- Container testcontainers/ryuk:0.14.0 started in PT1.9024181S
00:43:47.716 [main] INFO org.testcontainers.utility.RyukResourceReaper -- Ryuk started - will monitor and terminate Testcontainers containers on JVM exit
00:43:47.717 [main] INFO org.testcontainers.DockerClientFactory -- Checking the system...
00:43:47.717 [main] INFO org.testcontainers.DockerClientFactory -- ✔︎ Docker server version should be at least 1.6.0
00:43:47.723 [main] INFO tc.mysql:8.4 -- Creating container for image: mysql:8.4
00:43:48.093 [main] INFO tc.mysql:8.4 -- Container mysql:8.4 is starting: dc3e99e137ea679b360fd29fc6a0fe7ada8f0a967f7f56d0c7e3a376b919de39
00:43:48.670 [main] INFO tc.mysql:8.4 -- Waiting for database connection to become available at jdbc:mysql://localhost:52238/safefleet_test using query 'SELECT 1'
00:44:06.956 [main] INFO tc.mysql:8.4 -- Container mysql:8.4 started in PT19.2337893S
00:44:06.956 [main] INFO tc.mysql:8.4 -- Container is started (JDBC URL: jdbc:mysql://localhost:52238/safefleet_test)

  .   ____          _            __ _ _
 /\\ / ___'_ __ _ _(_)_ __  __ _ \ \ \ \
( ( )\___ | '_ | '_| | '_ \/ _` | \ \ \ \
 \\/  ___)| |_)| | | | | || (_| |  ) ) ) )
  '  |____| .__|_| |_|_| |_\__, | / / / /
 =========|_|==============|___/=/_/_/_/

 :: Spring Boot ::                (v3.3.7)

2026-08-03T00:44:07.379+07:00  INFO 26436 --- [safefleet-backend] [           main] c.safefleet.RealMySqlApiIntegrationTest  : Starting RealMySqlApiIntegrationTest using Java 21.0.8 with PID 26436 (started by ADMIN in D:\DEV\Project\DATN\DATN-he_thon_canh_bao_ho_tro_tai_xe\web_quan_ly\backend)
2026-08-03T00:44:07.381+07:00  INFO 26436 --- [safefleet-backend] [           main] c.safefleet.RealMySqlApiIntegrationTest  : No active profile set, falling back to 1 default profile: "default"
2026-08-03T00:44:10.120+07:00  INFO 26436 --- [safefleet-backend] [           main] o.apache.catalina.core.StandardService   : Starting service [Tomcat]
2026-08-03T00:44:10.120+07:00  INFO 26436 --- [safefleet-backend] [           main] o.apache.catalina.core.StandardEngine    : Starting Servlet engine: [Apache Tomcat/10.1.34]
2026-08-03T00:44:10.217+07:00  INFO 26436 --- [safefleet-backend] [           main] o.a.c.c.C.[Tomcat].[localhost].[/]       : Initializing Spring embedded WebApplicationContext
2026-08-03T00:44:10.583+07:00  INFO 26436 --- [safefleet-backend] [           main] com.zaxxer.hikari.HikariDataSource       : HikariPool-1 - Starting...
2026-08-03T00:44:10.845+07:00  INFO 26436 --- [safefleet-backend] [           main] com.zaxxer.hikari.pool.HikariPool        : HikariPool-1 - Added connection com.mysql.cj.jdbc.ConnectionImpl@629651b5
2026-08-03T00:44:10.846+07:00  INFO 26436 --- [safefleet-backend] [           main] com.zaxxer.hikari.HikariDataSource       : HikariPool-1 - Start completed.
2026-08-03T00:44:10.892+07:00  INFO 26436 --- [safefleet-backend] [           main] org.flywaydb.core.FlywayExecutor         : Database: jdbc:mysql://localhost:52238/safefleet_test (MySQL 8.4)
2026-08-03T00:44:10.935+07:00  WARN 26436 --- [safefleet-backend] [           main] o.f.c.internal.database.base.Database    : Flyway upgrade recommended: MySQL 8.4 is newer than this version of Flyway and support has not been tested. The latest supported version of MySQL is 8.1.
2026-08-03T00:44:10.980+07:00  INFO 26436 --- [safefleet-backend] [           main] o.f.c.i.s.JdbcTableSchemaHistory         : Schema history table `safefleet_test`.`flyway_schema_history` does not exist yet
2026-08-03T00:44:10.987+07:00  INFO 26436 --- [safefleet-backend] [           main] o.f.core.internal.command.DbValidate     : Successfully validated 8 migrations (execution time 00:00.036s)
2026-08-03T00:44:11.033+07:00  INFO 26436 --- [safefleet-backend] [           main] o.f.c.i.s.JdbcTableSchemaHistory         : Creating Schema History table `safefleet_test`.`flyway_schema_history` ...
2026-08-03T00:44:11.228+07:00  INFO 26436 --- [safefleet-backend] [           main] o.f.core.internal.command.DbMigrate      : Current version of schema `safefleet_test`: << Empty Schema >>
2026-08-03T00:44:11.250+07:00  INFO 26436 --- [safefleet-backend] [           main] o.f.core.internal.command.DbMigrate      : Migrating schema `safefleet_test` to version "1 - init schema"
2026-08-03T00:44:15.537+07:00  INFO 26436 --- [safefleet-backend] [           main] o.f.core.internal.command.DbMigrate      : Migrating schema `safefleet_test` to version "2 - seed reference data"
2026-08-03T00:44:15.604+07:00  INFO 26436 --- [safefleet-backend] [           main] o.f.core.internal.command.DbMigrate      : Migrating schema `safefleet_test` to version "3 - add mobile driver app support"
2026-08-03T00:44:16.030+07:00  INFO 26436 --- [safefleet-backend] [           main] o.f.core.internal.command.DbMigrate      : Migrating schema `safefleet_test` to version "4 - offline navigation evidence and push"
2026-08-03T00:44:19.430+07:00  INFO 26436 --- [safefleet-backend] [           main] o.f.core.internal.command.DbMigrate      : Migrating schema `safefleet_test` to version "5 - navigation scoring and batch ack"
2026-08-03T00:44:20.151+07:00  INFO 26436 --- [safefleet-backend] [           main] o.f.core.internal.command.DbMigrate      : Migrating schema `safefleet_test` to version "6 - mobile workflow idempotency"
2026-08-03T00:44:20.321+07:00  INFO 26436 --- [safefleet-backend] [           main] o.f.core.internal.command.DbMigrate      : Migrating schema `safefleet_test` to version "7 - agent intent confirmation"
2026-08-03T00:44:20.599+07:00  INFO 26436 --- [safefleet-backend] [           main] o.f.core.internal.command.DbMigrate      : Migrating schema `safefleet_test` to version "8 - warehouse issue documents"
2026-08-03T00:44:21.318+07:00  INFO 26436 --- [safefleet-backend] [           main] o.f.core.internal.command.DbMigrate      : Successfully applied 8 migrations to schema `safefleet_test`, now at version v8 (execution time 00:09.720s)
2026-08-03T00:44:21.863+07:00  WARN 26436 --- [safefleet-backend] [           main] org.hibernate.orm.deprecation            : HHH90000025: MySQLDialect does not need to be specified explicitly using 'hibernate.dialect' (remove the property setting and it will be selected by default)
2026-08-03T00:44:24.933+07:00  WARN 26436 --- [safefleet-backend] [           main] r$InitializeUserDetailsManagerConfigurer : Global AuthenticationManager configured with an AuthenticationProvider bean. UserDetailsService beans will not be used for username/password login. Consider removing the AuthenticationProvider bean. Alternatively, consider using the UserDetailsService in a manually instantiated DaoAuthenticationProvider.
2026-08-03T00:44:26.977+07:00  INFO 26436 --- [safefleet-backend] [           main] c.safefleet.RealMySqlApiIntegrationTest  : Started RealMySqlApiIntegrationTest in 19.987 seconds (process running for 50.139)
2026-08-03T00:44:28.291+07:00  INFO 26436 --- [safefleet-backend] [o-auto-1-exec-1] o.a.c.c.C.[Tomcat].[localhost].[/]       : Initializing Spring DispatcherServlet 'dispatcherServlet'
]]></system-out>
  </testcase>
  <testcase name="frontendCorsPreflightAndAuthErrorsUseSoftMessages" classname="com.safefleet.RealMySqlApiIntegrationTest" time="0.109"/>
  <testcase name="realCrudTripTelemetryMaintenanceAndDispatchFlowPersistsToMysql" classname="com.safefleet.RealMySqlApiIntegrationTest" time="1.357"/>
  <testcase name="realSafetyIncidentFloodDrivingSettingsNotificationAndReportFlowPersistsToMysql" classname="com.safefleet.RealMySqlApiIntegrationTest" time="1.389"/>
  <testcase name="realExceptionCasesReturnExpectedUnifiedErrors" classname="com.safefleet.RealMySqlApiIntegrationTest" time="0.649"/>
  <testcase name="realMobileDriverFacadeFlowUsesDriverScopeAndPersistsToMysql" classname="com.safefleet.RealMySqlApiIntegrationTest" time="2.115"/>
  <testcase name="refreshTokenRotationLogoutAndNotificationReadStateAreIsolatedPerUser" classname="com.safefleet.RealMySqlApiIntegrationTest" time="0.752"/>
  <testcase name="mobileSafetySosEvidenceAndPushAreOwnedIdempotentAndPersisted" classname="com.safefleet.RealMySqlApiIntegrationTest" time="1.132"/>
  <testcase name="agentRequiresExplicitConfirmationAndExecutesExactlyOnceForItsOwner" classname="com.safefleet.RealMySqlApiIntegrationTest" time="0.844">
    <system-out><![CDATA[2026-08-03T00:44:37.289+07:00  WARN 26436 --- [safefleet-backend] [           main] s.b.a.a.m.OnlyOnceLoggingDenyMeterFilter : Reached the maximum number of URI tags for 'http.client.requests'. Are you using 'uriVariables'?
]]></system-out>
  </testcase>
</testsuite>